<?xml version="1.0" encoding="UTF-8"?>
<testsuite name="SmoketestProject.qs_smoketest_prototype" tests="48" failures="24" errors="0" time="0.992"><properties><property name="soapui.properties" value="soapui.properties"/><property name="java.runtime.name" value="Java(TM) SE Runtime Environment"/><property name="sun.boot.library.path" value="/Applications/SoapUI-5.3.0.app/Contents/PlugIns/jre.bundle/Contents/Home/jre/lib"/><property name="java.vm.version" value="24.55-b03"/><property name="soapui.ext.actions" value="/Applications/SoapUI-5.3.0.app/Contents/java/app/bin/actions"/><property name="gopherProxySet" value="false"/><property name="soapui.ext.libraries" value="/Applications/SoapUI-5.3.0.app/Contents/java/app/bin/ext"/><property name="java.vm.vendor" value="Oracle Corporation"/><property name="java.vendor.url" value="http://java.oracle.com/"/><property name="path.separator" value=":"/><property name="java.vm.name" value="Java HotSpot(TM) 64-Bit Server VM"/><property name="file.encoding.pkg" value="sun.io"/><property name="user.country" value="US"/><property name="sun.java.launcher" value="SUN_STANDARD"/><property name="sun.os.patch.level" value="unknown"/><property name="java.vm.specification.name" value="Java Virtual Machine Specification"/><property name="user.dir" value="/Applications/SoapUI-5.3.0.app/Contents/java/app/bin"/><property name="java.runtime.version" value="1.7.0_55-b13"/><property name="java.awt.graphicsenv" value="sun.awt.CGraphicsEnvironment"/><property name="java.endorsed.dirs" value="/Applications/SoapUI-5.3.0.app/Contents/PlugIns/jre.bundle/Contents/Home/jre/lib/endorsed"/><property name="os.arch" value="x86_64"/><property name="java.io.tmpdir" value="/var/folders/cv/by56x_bj70v1m76qcr9lrllw0000gn/T/"/><property name="line.separator" value="
"/><property name="java.vm.specification.vendor" value="Oracle Corporation"/><property name="os.name" value="Mac OS X"/><property name="sun.jnu.encoding" value="UTF-8"/><property name="java.library.path" value="/Users/bijujoseph/Library/Java/Extensions:/Library/Java/Extensions:/Network/Library/Java/Extensions:/System/Library/Java/Extensions:/usr/lib/java:."/><property name="soapui.home" value="/Applications/SoapUI-5.3.0.app/Contents/java/app/bin"/><property name="sun.awt.enableExtraMouseButtons" value="true"/><property name="java.specification.name" value="Java Platform API Specification"/><property name="java.class.version" value="51.0"/><property name="sun.management.compiler" value="HotSpot 64-Bit Tiered Compilers"/><property name="os.version" value="10.11.6"/><property name="soapui.junit.reportCollector" value="com.eviware.soapui.reports.DataDrivenJUnitReportCollector"/><property name="http.nonProxyHosts" value="local|*.local|169.254/16|*.169.254/16"/><property name="user.home" value="/Users/bijujoseph"/><property name="user.timezone" value="America/New_York"/><property name="java.awt.printerjob" value="sun.lwawt.macosx.CPrinterJob"/><property name="file.encoding" value="UTF-8"/><property name="java.specification.version" value="1.7"/><property name="java.class.path" value="/Applications/SoapUI-5.3.0.app/Contents/PlugIns/jre.bundle/Contents/Home/jre/lib/jfxrt.jar:/Applications/SoapUI-5.3.0.app/Contents/java/app/bin/soapui-5.3.0.jar:/Applications/SoapUI-5.3.0.app/Contents/java/app/lib/activation-1.1.jar:/Applications/SoapUI-5.3.0.app/Contents/java/app/lib/analytics-core-5.3.0.jar:/Applications/SoapUI-5.3.0.app/Contents/java/app/lib/animal-sniffer-annotations-1.11.jar:/Applications/SoapUI-5.3.0.app/Contents/java/app/lib/bcprov-jdk15-144.jar:/Applications/SoapUI-5.3.0.app/Contents/java/app/lib/binding-2.0.1.jar:/Applications/SoapUI-5.3.0.app/Contents/java/app/lib/cajo-1.142.jar:/Applications/SoapUI-5.3.0.app/Contents/java/app/lib/commons-beanutils-1.7.0.jar:/Applications/SoapUI-5.3.0.app/Contents/java/app/lib/commons-cli-1.2.jar:/Applications/SoapUI-5.3.0.app/Contents/java/app/lib/commons-codec-1.3.jar:/Applications/SoapUI-5.3.0.app/Contents/java/app/lib/commons-collections-3.2.1.jar:/Applications/SoapUI-5.3.0.app/Contents/java/app/lib/commons-httpclient-3.1.jar:/Applications/SoapUI-5.3.0.app/Contents/java/app/lib/commons-io-2.4.jar:/Applications/SoapUI-5.3.0.app/Contents/java/app/lib/commons-lang-2.4.jar:/Applications/SoapUI-5.3.0.app/Contents/java/app/lib/commons-logging-1.1.1.jar:/Applications/SoapUI-5.3.0.app/Contents/java/app/lib/cssparser-0.9.5.jar:/Applications/SoapUI-5.3.0.app/Contents/java/app/lib/custom-reports.jar:/Applications/SoapUI-5.3.0.app/Contents/java/app/lib/dom4j-1.6.1.jar:/Applications/SoapUI-5.3.0.app/Contents/java/app/lib/ezmorph-1.0.5.jar:/Applications/SoapUI-5.3.0.app/Contents/java/app/lib/flex-messaging-common-1.0.jar:/Applications/SoapUI-5.3.0.app/Contents/java/app/lib/flex-messaging-core-1.0.jar:/Applications/SoapUI-5.3.0.app/Contents/java/app/lib/flex-messaging-opt-1.0.jar:/Applications/SoapUI-5.3.0.app/Contents/java/app/lib/flex-messaging-proxy-1.0.jar:/Applications/SoapUI-5.3.0.app/Contents/java/app/lib/flex-messaging-remoting-1.0.jar:/Applications/SoapUI-5.3.0.app/Contents/java/app/lib/forms-1.0.7.jar:/Applications/SoapUI-5.3.0.app/Contents/java/app/lib/google-http-client-1.21.0.jar:/Applications/SoapUI-5.3.0.app/Contents/java/app/lib/google-oauth-client-1.21.0.jar:/Applications/SoapUI-5.3.0.app/Contents/java/app/lib/groovy-all-2.1.7.jar:/Applications/SoapUI-5.3.0.app/Contents/java/app/lib/guava-14.0.jar:/Applications/SoapUI-5.3.0.app/Contents/java/app/lib/hamcrest-core-1.3.jar:/Applications/SoapUI-5.3.0.app/Contents/java/app/lib/hermes-1.14.jar:/Applications/SoapUI-5.3.0.app/Contents/java/app/lib/htmlunit-2.7.jar:/Applications/SoapUI-5.3.0.app/Contents/java/app/lib/htmlunit-core-js-2.7.jar:/Applications/SoapUI-5.3.0.app/Contents/java/app/lib/httpclient-4.1.1.jar:/Applications/SoapUI-5.3.0.app/Contents/java/app/lib/httpclient-cache-4.1.1.jar:/Applications/SoapUI-5.3.0.app/Contents/java/app/lib/httpcore-4.1.1.jar:/Applications/SoapUI-5.3.0.app/Contents/java/app/lib/httpcore-nio-4.1.1.jar:/Applications/SoapUI-5.3.0.app/Contents/java/app/lib/httpmime-4.1.1.jar:/Applications/SoapUI-5.3.0.app/Contents/java/app/lib/i4jruntime-5.1.14.jar:/Applications/SoapUI-5.3.0.app/Contents/java/app/lib/javassist-3.16.1-GA.jar:/Applications/SoapUI-5.3.0.app/Contents/java/app/lib/jaxen-1.1-beta-8.jar:/Applications/SoapUI-5.3.0.app/Contents/java/app/lib/jcifs-1.2.9.jar:/Applications/SoapUI-5.3.0.app/Contents/java/app/lib/jdom-1.0.jar:/Applications/SoapUI-5.3.0.app/Contents/java/app/lib/jettison-1.2.jar:/Applications/SoapUI-5.3.0.app/Contents/java/app/lib/jetty-6.1.26.jar:/Applications/SoapUI-5.3.0.app/Contents/java/app/lib/jetty-util-6.1.26.jar:/Applications/SoapUI-5.3.0.app/Contents/java/app/lib/jms-1.1.jar:/Applications/SoapUI-5.3.0.app/Contents/java/app/lib/joda-time-1.6.2.jar:/Applications/SoapUI-5.3.0.app/Contents/java/app/lib/js-1.7R2.jar:/Applications/SoapUI-5.3.0.app/Contents/java/app/lib/json-lib-2.2.2-jdk15.jar:/Applications/SoapUI-5.3.0.app/Contents/java/app/lib/json-path-0.9.1.jar:/Applications/SoapUI-5.3.0.app/Contents/java/app/lib/json-smart-1.2.jar:/Applications/SoapUI-5.3.0.app/Contents/java/app/lib/jsr173_api-1.0.jar:/Applications/SoapUI-5.3.0.app/Contents/java/app/lib/jsr305-1.3.9.jar:/Applications/SoapUI-5.3.0.app/Contents/java/app/lib/jtidy-r872-jdk15.jar:/Applications/SoapUI-5.3.0.app/Contents/java/app/lib/junit-4.11.jar:/Applications/SoapUI-5.3.0.app/Contents/java/app/lib/l2fprod-common-directorychooser-7.3.jar:/Applications/SoapUI-5.3.0.app/Contents/java/app/lib/l2fprod-common-fontchooser-7.3.jar:/Applications/SoapUI-5.3.0.app/Contents/java/app/lib/log4j-1.2.14.jar:/Applications/SoapUI-5.3.0.app/Contents/java/app/lib/looks-2.2.0.jar:/Applications/SoapUI-5.3.0.app/Contents/java/app/lib/mail-1.4.jar:/Applications/SoapUI-5.3.0.app/Contents/java/app/lib/maven-plugin-api-2.0.jar:/Applications/SoapUI-5.3.0.app/Contents/java/app/lib/nekohtml-1.9.14.jar:/Applications/SoapUI-5.3.0.app/Contents/java/app/lib/not-yet-commons-ssl-0.3.11.jar:/Applications/SoapUI-5.3.0.app/Contents/java/app/lib/opensaml-2.5.1-1.jar:/Applications/SoapUI-5.3.0.app/Contents/java/app/lib/openws-1.4.2-1.jar:/Applications/SoapUI-5.3.0.app/Contents/java/app/lib/org.apache.oltu.oauth2.client-0.31.jar:/Applications/SoapUI-5.3.0.app/Contents/java/app/lib/org.apache.oltu.oauth2.common-0.31.jar:/Applications/SoapUI-5.3.0.app/Contents/java/app/lib/org.apache.oltu.oauth2.httpclient4-0.31.jar:/Applications/SoapUI-5.3.0.app/Contents/java/app/lib/out-app-analytics-provider-5.3.0.jar:/Applications/SoapUI-5.3.0.app/Contents/java/app/lib/proxy-vole-20131209.jar:/Applications/SoapUI-5.3.0.app/Contents/java/app/lib/reflections-0.9.9-RC1.jar:/Applications/SoapUI-5.3.0.app/Contents/java/app/lib/rsyntaxtextarea-2.5.0.jar:/Applications/SoapUI-5.3.0.app/Contents/java/app/lib/sac-1.3.jar:/Applications/SoapUI-5.3.0.app/Contents/java/app/lib/saxon-9.1.0.8j.jar:/Applications/SoapUI-5.3.0.app/Contents/java/app/lib/saxon-dom-9.1.0.8j.jar:/Applications/SoapUI-5.3.0.app/Contents/java/app/lib/serializer-2.7.1.jar:/Applications/SoapUI-5.3.0.app/Contents/java/app/lib/servlet-api-2.5-20081211.jar:/Applications/SoapUI-5.3.0.app/Contents/java/app/lib/slf4j-api-1.6.1.jar:/Applications/SoapUI-5.3.0.app/Contents/java/app/lib/swingx-soapui.jar:/Applications/SoapUI-5.3.0.app/Contents/java/app/lib/ws-commons-util-1.0.2.jar:/Applications/SoapUI-5.3.0.app/Contents/java/app/lib/wsdl4j-1.6.2-fixed.jar:/Applications/SoapUI-5.3.0.app/Contents/java/app/lib/wss4j-1.6.16.jar:/Applications/SoapUI-5.3.0.app/Contents/java/app/lib/xalan-2.7.1.jar:/Applications/SoapUI-5.3.0.app/Contents/java/app/lib/xbean-fixed-2.4.0.jar:/Applications/SoapUI-5.3.0.app/Contents/java/app/lib/xbean_xpath-2.4.0.jar:/Applications/SoapUI-5.3.0.app/Contents/java/app/lib/xercesImpl-2.9.1.jar:/Applications/SoapUI-5.3.0.app/Contents/java/app/lib/xml-apis-1.3.04.jar:/Applications/SoapUI-5.3.0.app/Contents/java/app/lib/xml-apis-2.9.1.jar:/Applications/SoapUI-5.3.0.app/Contents/java/app/lib/xmlParserAPIs-2.6.2.jar:/Applications/SoapUI-5.3.0.app/Contents/java/app/lib/xmlpublic-2.4.0.jar:/Applications/SoapUI-5.3.0.app/Contents/java/app/lib/xmlsec-1.4.5.jar:/Applications/SoapUI-5.3.0.app/Contents/java/app/lib/xmltooling-1.3.2-1.jar:/Applications/SoapUI-5.3.0.app/Contents/java/app/lib/xmlunit-1.2.jar:/Applications/SoapUI-5.3.0.app/Contents/java/app/lib/xom-1.1.jar:/Applications/SoapUI-5.3.0.app/Contents/java/app/lib/xstream-1.3.1.jar"/><property name="user.name" value="bijujoseph"/><property name="soapui.ext.listeners" value="/Applications/SoapUI-5.3.0.app/Contents/java/app/bin/listeners"/><property name="java.vm.specification.version" value="1.7"/><property name="sun.java.command" value="com.eviware.soapui.tools.DataDrivenTestCaseRunner -sqs_smoketest_prototype -cquality_spr_measures -r -j -ehttp://localhost:3000 -f/Users/bijujoseph/workspace/Grails/custom-reports/soap-reports /Users/bijujoseph/workspace/CMS/references/qpp-scoring-engines/soapui/SmoketestProject-soapui-project.xml"/><property name="java.home" value="/Applications/SoapUI-5.3.0.app/Contents/PlugIns/jre.bundle/Contents/Home/jre"/><property name="sun.arch.data.model" value="64"/><property name="groovy.source.encoding" value="iso-8859-1"/><property name="user.language" value="en"/><property name="java.specification.vendor" value="Oracle Corporation"/><property name="awt.toolkit" value="sun.lwawt.macosx.LWCToolkit"/><property name="java.vm.info" value="mixed mode"/><property name="java.version" value="1.7.0_55"/><property name="java.ext.dirs" value="/Users/bijujoseph/Library/Java/Extensions:/Applications/SoapUI-5.3.0.app/Contents/PlugIns/jre.bundle/Contents/Home/jre/lib/ext:/Library/Java/Extensions:/Network/Library/Java/Extensions:/System/Library/Java/Extensions:/usr/lib/java"/><property name="sun.boot.class.path" value="/Applications/SoapUI-5.3.0.app/Contents/PlugIns/jre.bundle/Contents/Home/jre/lib/resources.jar:/Applications/SoapUI-5.3.0.app/Contents/PlugIns/jre.bundle/Contents/Home/jre/lib/rt.jar:/Applications/SoapUI-5.3.0.app/Contents/PlugIns/jre.bundle/Contents/Home/jre/lib/sunrsasign.jar:/Applications/SoapUI-5.3.0.app/Contents/PlugIns/jre.bundle/Contents/Home/jre/lib/jsse.jar:/Applications/SoapUI-5.3.0.app/Contents/PlugIns/jre.bundle/Contents/Home/jre/lib/jce.jar:/Applications/SoapUI-5.3.0.app/Contents/PlugIns/jre.bundle/Contents/Home/jre/lib/charsets.jar:/Applications/SoapUI-5.3.0.app/Contents/PlugIns/jre.bundle/Contents/Home/jre/lib/jfr.jar:/Applications/SoapUI-5.3.0.app/Contents/PlugIns/jre.bundle/Contents/Home/jre/classes"/><property name="java.vendor" value="Oracle Corporation"/><property name="file.separator" value="/"/><property name="java.vendor.url.bug" value="http://bugreport.sun.com/bugreport/"/><property name="sun.font.fontmanager" value="sun.font.CFontManager"/><property name="sun.io.unicode.encoding" value="UnicodeBig"/><property name="sun.cpu.endian" value="little"/><property name="socksNonProxyHosts" value="local|*.local|169.254/16|*.169.254/16"/><property name="ftp.nonProxyHosts" value="local|*.local|169.254/16|*.169.254/16"/><property name="sun.cpu.isalist" value=""/></properties><testcase name="quality_spr_class1_benchmark_top_decile-props" time="0.028"/><testcase name="quality_spr_class1_benchmark_top_decile-post" time="0.15"><failure type="" message=""><![CDATA[<h3><b>post Failed</b></h3><pre>[tin] Assertion failed for path [data.submission.taxpayerIdentificationNumber] : PathNotFoundException:Path 'data' not found in the current context:
{"error": {
   "type": "DuplicateEntryError",
   "message": "Category/SubmissionMethod quality/electronicHealthRecord already exists for this taxpayerIdentificationNumber/nationalProviderIdentifier/performanceYear"
}}
[npi] Assertion failed for path [data.submission.nationalProviderIdentifier] : PathNotFoundException:Path 'data' not found in the current context:
{"error": {
   "type": "DuplicateEntryError",
   "message": "Category/SubmissionMethod quality/electronicHealthRecord already exists for this taxpayerIdentificationNumber/nationalProviderIdentifier/performanceYear"
}}
</pre><hr/>]]></failure></testcase><testcase name="quality_spr_class1_benchmark_top_decile-get_id" time="0.015"><failure type="" message=""><![CDATA[<h3><b>get_id Failed</b></h3><pre>Error performing transfer [Id] - Path 'data' not found in the current context:
{"error": {
   "type": "DuplicateEntryError",
   "message": "Category/SubmissionMethod quality/electronicHealthRecord already exists for this taxpayerIdentificationNumber/nationalProviderIdentifier/performanceYear"
}}
</pre><hr/>]]></failure></testcase><testcase name="quality_spr_class1_benchmark_top_decile-score" time="0.014"><failure type="" message=""><![CDATA[<h3><b>score Failed</b></h3><pre>[quality_base] Assertion failed for path [data.score.parts[0].original.parts[0].value] : PathNotFoundException:Path 'data' not found in the current context:
{"error": {
   "type": "NotFoundError",
   "message": "No submission found for id: e6fe2b47-65fc-4feb-af96-0d4b1fd09a6b"
}}
[quality_bonus] Assertion failed for path [data.score.parts[0].original.parts[1].value] : PathNotFoundException:Path 'data' not found in the current context:
{"error": {
   "type": "NotFoundError",
   "message": "No submission found for id: e6fe2b47-65fc-4feb-af96-0d4b1fd09a6b"
}}
[msr_score] Assertion failed for path [data.score.parts[0].original.parts[0].parts[0].value] : PathNotFoundException:Path 'data' not found in the current context:
{"error": {
   "type": "NotFoundError",
   "message": "No submission found for id: e6fe2b47-65fc-4feb-af96-0d4b1fd09a6b"
}}
[msr_detail] Assertion failed for path [data.score.parts[0].original.parts[0].parts[0].detail] : PathNotFoundException:Path 'data' not found in the current context:
{"error": {
   "type": "NotFoundError",
   "message": "No submission found for id: e6fe2b47-65fc-4feb-af96-0d4b1fd09a6b"
}}
[final_score] Assertion failed for path [data.score.value] : PathNotFoundException:Path 'data' not found in the current context:
{"error": {
   "type": "NotFoundError",
   "message": "No submission found for id: e6fe2b47-65fc-4feb-af96-0d4b1fd09a6b"
}}
[quality_score] Assertion failed for path [data.score.parts[0].original.value] : PathNotFoundException:Path 'data' not found in the current context:
{"error": {
   "type": "NotFoundError",
   "message": "No submission found for id: e6fe2b47-65fc-4feb-af96-0d4b1fd09a6b"
}}
</pre><hr/>]]></failure></testcase><testcase name="quality_spr_class1_benchmark_top_decile-delete" time="0.016"/><testcase name="quality_spr_class1_benchmark_top_decile_inverse-NextLine" time="0.041"/><testcase name="quality_spr_class1_benchmark_top_decile_inverse-props" time="0.0"/><testcase name="quality_spr_class1_benchmark_top_decile_inverse-post" time="0.078"><failure type="" message=""><![CDATA[<h3><b>post Failed</b></h3><pre>[tin] Assertion failed for path [data.submission.taxpayerIdentificationNumber] : PathNotFoundException:Path 'data' not found in the current context:
{"error": {
   "type": "DuplicateEntryError",
   "message": "Category/SubmissionMethod quality/electronicHealthRecord already exists for this taxpayerIdentificationNumber/nationalProviderIdentifier/performanceYear"
}}
[npi] Assertion failed for path [data.submission.nationalProviderIdentifier] : PathNotFoundException:Path 'data' not found in the current context:
{"error": {
   "type": "DuplicateEntryError",
   "message": "Category/SubmissionMethod quality/electronicHealthRecord already exists for this taxpayerIdentificationNumber/nationalProviderIdentifier/performanceYear"
}}
</pre><hr/>]]></failure></testcase><testcase name="quality_spr_class1_benchmark_top_decile_inverse-get_id" time="0.001"><failure type="" message=""><![CDATA[<h3><b>get_id Failed</b></h3><pre>Error performing transfer [Id] - Path 'data' not found in the current context:
{"error": {
   "type": "DuplicateEntryError",
   "message": "Category/SubmissionMethod quality/electronicHealthRecord already exists for this taxpayerIdentificationNumber/nationalProviderIdentifier/performanceYear"
}}
</pre><hr/>]]></failure></testcase><testcase name="quality_spr_class1_benchmark_top_decile_inverse-score" time="0.008"><failure type="" message=""><![CDATA[<h3><b>score Failed</b></h3><pre>[quality_base] Assertion failed for path [data.score.parts[0].original.parts[0].value] : PathNotFoundException:Path 'data' not found in the current context:
{"error": {
   "type": "NotFoundError",
   "message": "No submission found for id: e6fe2b47-65fc-4feb-af96-0d4b1fd09a6b"
}}
[quality_bonus] Assertion failed for path [data.score.parts[0].original.parts[1].value] : PathNotFoundException:Path 'data' not found in the current context:
{"error": {
   "type": "NotFoundError",
   "message": "No submission found for id: e6fe2b47-65fc-4feb-af96-0d4b1fd09a6b"
}}
[msr_score] Assertion failed for path [data.score.parts[0].original.parts[0].parts[0].value] : PathNotFoundException:Path 'data' not found in the current context:
{"error": {
   "type": "NotFoundError",
   "message": "No submission found for id: e6fe2b47-65fc-4feb-af96-0d4b1fd09a6b"
}}
[msr_detail] Assertion failed for path [data.score.parts[0].original.parts[0].parts[0].detail] : PathNotFoundException:Path 'data' not found in the current context:
{"error": {
   "type": "NotFoundError",
   "message": "No submission found for id: e6fe2b47-65fc-4feb-af96-0d4b1fd09a6b"
}}
[final_score] Assertion failed for path [data.score.value] : PathNotFoundException:Path 'data' not found in the current context:
{"error": {
   "type": "NotFoundError",
   "message": "No submission found for id: e6fe2b47-65fc-4feb-af96-0d4b1fd09a6b"
}}
[quality_score] Assertion failed for path [data.score.parts[0].original.value] : PathNotFoundException:Path 'data' not found in the current context:
{"error": {
   "type": "NotFoundError",
   "message": "No submission found for id: e6fe2b47-65fc-4feb-af96-0d4b1fd09a6b"
}}
</pre><hr/>]]></failure></testcase><testcase name="quality_spr_class1_benchmark_top_decile_inverse-delete" time="0.015"/><testcase name="quality_spr_class1_benchmark_bottom_decile_inverse-NextLine" time="0.001"/><testcase name="quality_spr_class1_benchmark_bottom_decile_inverse-props" time="0.0"/><testcase name="quality_spr_class1_benchmark_bottom_decile_inverse-post" time="0.089"><failure type="" message=""><![CDATA[<h3><b>post Failed</b></h3><pre>[tin] Assertion failed for path [data.submission.taxpayerIdentificationNumber] : PathNotFoundException:Path 'data' not found in the current context:
{"error": {
   "type": "DuplicateEntryError",
   "message": "Category/SubmissionMethod quality/electronicHealthRecord already exists for this taxpayerIdentificationNumber/nationalProviderIdentifier/performanceYear"
}}
[npi] Assertion failed for path [data.submission.nationalProviderIdentifier] : PathNotFoundException:Path 'data' not found in the current context:
{"error": {
   "type": "DuplicateEntryError",
   "message": "Category/SubmissionMethod quality/electronicHealthRecord already exists for this taxpayerIdentificationNumber/nationalProviderIdentifier/performanceYear"
}}
</pre><hr/>]]></failure></testcase><testcase name="quality_spr_class1_benchmark_bottom_decile_inverse-get_id" time="0.0"><failure type="" message=""><![CDATA[<h3><b>get_id Failed</b></h3><pre>Error performing transfer [Id] - Path 'data' not found in the current context:
{"error": {
   "type": "DuplicateEntryError",
   "message": "Category/SubmissionMethod quality/electronicHealthRecord already exists for this taxpayerIdentificationNumber/nationalProviderIdentifier/performanceYear"
}}
</pre><hr/>]]></failure></testcase><testcase name="quality_spr_class1_benchmark_bottom_decile_inverse-score" time="0.008"><failure type="" message=""><![CDATA[<h3><b>score Failed</b></h3><pre>[quality_base] Assertion failed for path [data.score.parts[0].original.parts[0].value] : PathNotFoundException:Path 'data' not found in the current context:
{"error": {
   "type": "NotFoundError",
   "message": "No submission found for id: e6fe2b47-65fc-4feb-af96-0d4b1fd09a6b"
}}
[quality_bonus] Assertion failed for path [data.score.parts[0].original.parts[1].value] : PathNotFoundException:Path 'data' not found in the current context:
{"error": {
   "type": "NotFoundError",
   "message": "No submission found for id: e6fe2b47-65fc-4feb-af96-0d4b1fd09a6b"
}}
[msr_score] Assertion failed for path [data.score.parts[0].original.parts[0].parts[0].value] : PathNotFoundException:Path 'data' not found in the current context:
{"error": {
   "type": "NotFoundError",
   "message": "No submission found for id: e6fe2b47-65fc-4feb-af96-0d4b1fd09a6b"
}}
[msr_detail] Assertion failed for path [data.score.parts[0].original.parts[0].parts[0].detail] : PathNotFoundException:Path 'data' not found in the current context:
{"error": {
   "type": "NotFoundError",
   "message": "No submission found for id: e6fe2b47-65fc-4feb-af96-0d4b1fd09a6b"
}}
[final_score] Assertion failed for path [data.score.value] : PathNotFoundException:Path 'data' not found in the current context:
{"error": {
   "type": "NotFoundError",
   "message": "No submission found for id: e6fe2b47-65fc-4feb-af96-0d4b1fd09a6b"
}}
[quality_score] Assertion failed for path [data.score.parts[0].original.value] : PathNotFoundException:Path 'data' not found in the current context:
{"error": {
   "type": "NotFoundError",
   "message": "No submission found for id: e6fe2b47-65fc-4feb-af96-0d4b1fd09a6b"
}}
</pre><hr/>]]></failure></testcase><testcase name="quality_spr_class1_benchmark_bottom_decile_inverse-delete" time="0.009"/><testcase name="quality_spr_class1_benchmark_top_decile_qrda3-NextLine" time="0.001"/><testcase name="quality_spr_class1_benchmark_top_decile_qrda3-props" time="0.0"/><testcase name="quality_spr_class1_benchmark_top_decile_qrda3-post" time="0.08"><failure type="" message=""><![CDATA[<h3><b>post Failed</b></h3><pre>[tin] Assertion failed for path [data.submission.taxpayerIdentificationNumber] : PathNotFoundException:Path 'data' not found in the current context:
{"error": {
   "type": "DuplicateEntryError",
   "message": "Category/SubmissionMethod quality/electronicHealthRecord already exists for this taxpayerIdentificationNumber/nationalProviderIdentifier/performanceYear"
}}
[npi] Assertion failed for path [data.submission.nationalProviderIdentifier] : PathNotFoundException:Path 'data' not found in the current context:
{"error": {
   "type": "DuplicateEntryError",
   "message": "Category/SubmissionMethod quality/electronicHealthRecord already exists for this taxpayerIdentificationNumber/nationalProviderIdentifier/performanceYear"
}}
</pre><hr/>]]></failure></testcase><testcase name="quality_spr_class1_benchmark_top_decile_qrda3-get_id" time="0.001"><failure type="" message=""><![CDATA[<h3><b>get_id Failed</b></h3><pre>Error performing transfer [Id] - Path 'data' not found in the current context:
{"error": {
   "type": "DuplicateEntryError",
   "message": "Category/SubmissionMethod quality/electronicHealthRecord already exists for this taxpayerIdentificationNumber/nationalProviderIdentifier/performanceYear"
}}
</pre><hr/>]]></failure></testcase><testcase name="quality_spr_class1_benchmark_top_decile_qrda3-score" time="0.011"><failure type="" message=""><![CDATA[<h3><b>score Failed</b></h3><pre>[quality_base] Assertion failed for path [data.score.parts[0].original.parts[0].value] : PathNotFoundException:Path 'data' not found in the current context:
{"error": {
   "type": "NotFoundError",
   "message": "No submission found for id: e6fe2b47-65fc-4feb-af96-0d4b1fd09a6b"
}}
[quality_bonus] Assertion failed for path [data.score.parts[0].original.parts[1].value] : PathNotFoundException:Path 'data' not found in the current context:
{"error": {
   "type": "NotFoundError",
   "message": "No submission found for id: e6fe2b47-65fc-4feb-af96-0d4b1fd09a6b"
}}
[msr_score] Assertion failed for path [data.score.parts[0].original.parts[0].parts[0].value] : PathNotFoundException:Path 'data' not found in the current context:
{"error": {
   "type": "NotFoundError",
   "message": "No submission found for id: e6fe2b47-65fc-4feb-af96-0d4b1fd09a6b"
}}
[msr_detail] Assertion failed for path [data.score.parts[0].original.parts[0].parts[0].detail] : PathNotFoundException:Path 'data' not found in the current context:
{"error": {
   "type": "NotFoundError",
   "message": "No submission found for id: e6fe2b47-65fc-4feb-af96-0d4b1fd09a6b"
}}
[final_score] Assertion failed for path [data.score.value] : PathNotFoundException:Path 'data' not found in the current context:
{"error": {
   "type": "NotFoundError",
   "message": "No submission found for id: e6fe2b47-65fc-4feb-af96-0d4b1fd09a6b"
}}
[quality_score] Assertion failed for path [data.score.parts[0].original.value] : PathNotFoundException:Path 'data' not found in the current context:
{"error": {
   "type": "NotFoundError",
   "message": "No submission found for id: e6fe2b47-65fc-4feb-af96-0d4b1fd09a6b"
}}
</pre><hr/>]]></failure></testcase><testcase name="quality_spr_class1_benchmark_top_decile_qrda3-delete" time="0.011"/><testcase name="quality_spr_class1_benchmark_top_decile_qrda3-NextLine" time="0.001"/><testcase name="quality_spr_class1_benchmark_top_decile_qrda3-props" time="0.0"/><testcase name="quality_spr_class1_benchmark_top_decile_qrda3-post" time="0.063"><failure type="" message=""><![CDATA[<h3><b>post Failed</b></h3><pre>[tin] Assertion failed for path [data.submission.taxpayerIdentificationNumber] : PathNotFoundException:Path 'data' not found in the current context:
{"error": {
   "type": "DuplicateEntryError",
   "message": "Category/SubmissionMethod quality/electronicHealthRecord already exists for this taxpayerIdentificationNumber/nationalProviderIdentifier/performanceYear"
}}
[npi] Assertion failed for path [data.submission.nationalProviderIdentifier] : PathNotFoundException:Path 'data' not found in the current context:
{"error": {
   "type": "DuplicateEntryError",
   "message": "Category/SubmissionMethod quality/electronicHealthRecord already exists for this taxpayerIdentificationNumber/nationalProviderIdentifier/performanceYear"
}}
</pre><hr/>]]></failure></testcase><testcase name="quality_spr_class1_benchmark_top_decile_qrda3-get_id" time="0.001"><failure type="" message=""><![CDATA[<h3><b>get_id Failed</b></h3><pre>Error performing transfer [Id] - Path 'data' not found in the current context:
{"error": {
   "type": "DuplicateEntryError",
   "message": "Category/SubmissionMethod quality/electronicHealthRecord already exists for this taxpayerIdentificationNumber/nationalProviderIdentifier/performanceYear"
}}
</pre><hr/>]]></failure></testcase><testcase name="quality_spr_class1_benchmark_top_decile_qrda3-score" time="0.012"><failure type="" message=""><![CDATA[<h3><b>score Failed</b></h3><pre>[quality_base] Assertion failed for path [data.score.parts[0].original.parts[0].value] : PathNotFoundException:Path 'data' not found in the current context:
{"error": {
   "type": "NotFoundError",
   "message": "No submission found for id: e6fe2b47-65fc-4feb-af96-0d4b1fd09a6b"
}}
[quality_bonus] Assertion failed for path [data.score.parts[0].original.parts[1].value] : PathNotFoundException:Path 'data' not found in the current context:
{"error": {
   "type": "NotFoundError",
   "message": "No submission found for id: e6fe2b47-65fc-4feb-af96-0d4b1fd09a6b"
}}
[msr_score] Assertion failed for path [data.score.parts[0].original.parts[0].parts[0].value] : PathNotFoundException:Path 'data' not found in the current context:
{"error": {
   "type": "NotFoundError",
   "message": "No submission found for id: e6fe2b47-65fc-4feb-af96-0d4b1fd09a6b"
}}
[msr_detail] Assertion failed for path [data.score.parts[0].original.parts[0].parts[0].detail] : PathNotFoundException:Path 'data' not found in the current context:
{"error": {
   "type": "NotFoundError",
   "message": "No submission found for id: e6fe2b47-65fc-4feb-af96-0d4b1fd09a6b"
}}
[final_score] Assertion failed for path [data.score.value] : PathNotFoundException:Path 'data' not found in the current context:
{"error": {
   "type": "NotFoundError",
   "message": "No submission found for id: e6fe2b47-65fc-4feb-af96-0d4b1fd09a6b"
}}
[quality_score] Assertion failed for path [data.score.parts[0].original.value] : PathNotFoundException:Path 'data' not found in the current context:
{"error": {
   "type": "NotFoundError",
   "message": "No submission found for id: e6fe2b47-65fc-4feb-af96-0d4b1fd09a6b"
}}
</pre><hr/>]]></failure></testcase><testcase name="quality_spr_class1_benchmark_top_decile_qrda3-delete" time="0.012"/><testcase name="quality_spr_class1_benchmark_top_decile_toppedout-NextLine" time="0.001"/><testcase name="quality_spr_class1_benchmark_top_decile_toppedout-props" time="0.0"/><testcase name="quality_spr_class1_benchmark_top_decile_toppedout-post" time="0.075"><failure type="" message=""><![CDATA[<h3><b>post Failed</b></h3><pre>[tin] Assertion failed for path [data.submission.taxpayerIdentificationNumber] : PathNotFoundException:Path 'data' not found in the current context:
{"error": {
   "type": "DuplicateEntryError",
   "message": "Category/SubmissionMethod quality/electronicHealthRecord already exists for this taxpayerIdentificationNumber/nationalProviderIdentifier/performanceYear"
}}
[npi] Assertion failed for path [data.submission.nationalProviderIdentifier] : PathNotFoundException:Path 'data' not found in the current context:
{"error": {
   "type": "DuplicateEntryError",
   "message": "Category/SubmissionMethod quality/electronicHealthRecord already exists for this taxpayerIdentificationNumber/nationalProviderIdentifier/performanceYear"
}}
</pre><hr/>]]></failure></testcase><testcase name="quality_spr_class1_benchmark_top_decile_toppedout-get_id" time="0.0"><failure type="" message=""><![CDATA[<h3><b>get_id Failed</b></h3><pre>Error performing transfer [Id] - Path 'data' not found in the current context:
{"error": {
   "type": "DuplicateEntryError",
   "message": "Category/SubmissionMethod quality/electronicHealthRecord already exists for this taxpayerIdentificationNumber/nationalProviderIdentifier/performanceYear"
}}
</pre><hr/>]]></failure></testcase><testcase name="quality_spr_class1_benchmark_top_decile_toppedout-score" time="0.008"><failure type="" message=""><![CDATA[<h3><b>score Failed</b></h3><pre>[quality_base] Assertion failed for path [data.score.parts[0].original.parts[0].value] : PathNotFoundException:Path 'data' not found in the current context:
{"error": {
   "type": "NotFoundError",
   "message": "No submission found for id: e6fe2b47-65fc-4feb-af96-0d4b1fd09a6b"
}}
[quality_bonus] Assertion failed for path [data.score.parts[0].original.parts[1].value] : PathNotFoundException:Path 'data' not found in the current context:
{"error": {
   "type": "NotFoundError",
   "message": "No submission found for id: e6fe2b47-65fc-4feb-af96-0d4b1fd09a6b"
}}
[msr_score] Assertion failed for path [data.score.parts[0].original.parts[0].parts[0].value] : PathNotFoundException:Path 'data' not found in the current context:
{"error": {
   "type": "NotFoundError",
   "message": "No submission found for id: e6fe2b47-65fc-4feb-af96-0d4b1fd09a6b"
}}
[msr_detail] Assertion failed for path [data.score.parts[0].original.parts[0].parts[0].detail] : PathNotFoundException:Path 'data' not found in the current context:
{"error": {
   "type": "NotFoundError",
   "message": "No submission found for id: e6fe2b47-65fc-4feb-af96-0d4b1fd09a6b"
}}
[final_score] Assertion failed for path [data.score.value] : PathNotFoundException:Path 'data' not found in the current context:
{"error": {
   "type": "NotFoundError",
   "message": "No submission found for id: e6fe2b47-65fc-4feb-af96-0d4b1fd09a6b"
}}
[quality_score] Assertion failed for path [data.score.parts[0].original.value] : PathNotFoundException:Path 'data' not found in the current context:
{"error": {
   "type": "NotFoundError",
   "message": "No submission found for id: e6fe2b47-65fc-4feb-af96-0d4b1fd09a6b"
}}
</pre><hr/>]]></failure></testcase><testcase name="quality_spr_class1_benchmark_top_decile_toppedout-delete" time="0.012"/><testcase name="quality_spr_class2_no_benchmark-NextLine" time="0.001"/><testcase name="quality_spr_class2_no_benchmark-props" time="0.0"/><testcase name="quality_spr_class2_no_benchmark-post" time="0.078"><failure type="" message=""><![CDATA[<h3><b>post Failed</b></h3><pre>[tin] Assertion failed for path [data.submission.taxpayerIdentificationNumber] : PathNotFoundException:Path 'data' not found in the current context:
{"error": {
   "type": "DuplicateEntryError",
   "message": "Category/SubmissionMethod quality/electronicHealthRecord already exists for this taxpayerIdentificationNumber/nationalProviderIdentifier/performanceYear"
}}
[npi] Assertion failed for path [data.submission.nationalProviderIdentifier] : PathNotFoundException:Path 'data' not found in the current context:
{"error": {
   "type": "DuplicateEntryError",
   "message": "Category/SubmissionMethod quality/electronicHealthRecord already exists for this taxpayerIdentificationNumber/nationalProviderIdentifier/performanceYear"
}}
</pre><hr/>]]></failure></testcase><testcase name="quality_spr_class2_no_benchmark-get_id" time="0.0"><failure type="" message=""><![CDATA[<h3><b>get_id Failed</b></h3><pre>Error performing transfer [Id] - Path 'data' not found in the current context:
{"error": {
   "type": "DuplicateEntryError",
   "message": "Category/SubmissionMethod quality/electronicHealthRecord already exists for this taxpayerIdentificationNumber/nationalProviderIdentifier/performanceYear"
}}
</pre><hr/>]]></failure></testcase><testcase name="quality_spr_class2_no_benchmark-score" time="0.009"><failure type="" message=""><![CDATA[<h3><b>score Failed</b></h3><pre>[quality_base] Assertion failed for path [data.score.parts[0].original.parts[0].value] : PathNotFoundException:Path 'data' not found in the current context:
{"error": {
   "type": "NotFoundError",
   "message": "No submission found for id: e6fe2b47-65fc-4feb-af96-0d4b1fd09a6b"
}}
[quality_bonus] Assertion failed for path [data.score.parts[0].original.parts[1].value] : PathNotFoundException:Path 'data' not found in the current context:
{"error": {
   "type": "NotFoundError",
   "message": "No submission found for id: e6fe2b47-65fc-4feb-af96-0d4b1fd09a6b"
}}
[msr_score] Assertion failed for path [data.score.parts[0].original.parts[0].parts[0].value] : PathNotFoundException:Path 'data' not found in the current context:
{"error": {
   "type": "NotFoundError",
   "message": "No submission found for id: e6fe2b47-65fc-4feb-af96-0d4b1fd09a6b"
}}
[msr_detail] Assertion failed for path [data.score.parts[0].original.parts[0].parts[0].detail] : PathNotFoundException:Path 'data' not found in the current context:
{"error": {
   "type": "NotFoundError",
   "message": "No submission found for id: e6fe2b47-65fc-4feb-af96-0d4b1fd09a6b"
}}
[final_score] Assertion failed for path [data.score.value] : PathNotFoundException:Path 'data' not found in the current context:
{"error": {
   "type": "NotFoundError",
   "message": "No submission found for id: e6fe2b47-65fc-4feb-af96-0d4b1fd09a6b"
}}
[quality_score] Assertion failed for path [data.score.parts[0].original.value] : PathNotFoundException:Path 'data' not found in the current context:
{"error": {
   "type": "NotFoundError",
   "message": "No submission found for id: e6fe2b47-65fc-4feb-af96-0d4b1fd09a6b"
}}
</pre><hr/>]]></failure></testcase><testcase name="quality_spr_class2_no_benchmark-delete" time="0.016"/><testcase name="quality_spr_class2_no_benchmark_qrda3-NextLine" time="0.002"/><testcase name="quality_spr_class2_no_benchmark_qrda3-props" time="0.0"/><testcase name="quality_spr_class2_no_benchmark_qrda3-post" time="0.1"><failure type="" message=""><![CDATA[<h3><b>post Failed</b></h3><pre>[tin] Assertion failed for path [data.submission.taxpayerIdentificationNumber] : PathNotFoundException:Path 'data' not found in the current context:
{"error": {
   "type": "DuplicateEntryError",
   "message": "Category/SubmissionMethod quality/electronicHealthRecord already exists for this taxpayerIdentificationNumber/nationalProviderIdentifier/performanceYear"
}}
[npi] Assertion failed for path [data.submission.nationalProviderIdentifier] : PathNotFoundException:Path 'data' not found in the current context:
{"error": {
   "type": "DuplicateEntryError",
   "message": "Category/SubmissionMethod quality/electronicHealthRecord already exists for this taxpayerIdentificationNumber/nationalProviderIdentifier/performanceYear"
}}
</pre><hr/>]]></failure></testcase><testcase name="quality_spr_class2_no_benchmark_qrda3-get_id" time="0.001"><failure type="" message=""><![CDATA[<h3><b>get_id Failed</b></h3><pre>Error performing transfer [Id] - Path 'data' not found in the current context:
{"error": {
   "type": "DuplicateEntryError",
   "message": "Category/SubmissionMethod quality/electronicHealthRecord already exists for this taxpayerIdentificationNumber/nationalProviderIdentifier/performanceYear"
}}
</pre><hr/>]]></failure></testcase><testcase name="quality_spr_class2_no_benchmark_qrda3-score" time="0.01"><failure type="" message=""><![CDATA[<h3><b>score Failed</b></h3><pre>[quality_base] Assertion failed for path [data.score.parts[0].original.parts[0].value] : PathNotFoundException:Path 'data' not found in the current context:
{"error": {
   "type": "NotFoundError",
   "message": "No submission found for id: e6fe2b47-65fc-4feb-af96-0d4b1fd09a6b"
}}
[quality_bonus] Assertion failed for path [data.score.parts[0].original.parts[1].value] : PathNotFoundException:Path 'data' not found in the current context:
{"error": {
   "type": "NotFoundError",
   "message": "No submission found for id: e6fe2b47-65fc-4feb-af96-0d4b1fd09a6b"
}}
[msr_score] Assertion failed for path [data.score.parts[0].original.parts[0].parts[0].value] : PathNotFoundException:Path 'data' not found in the current context:
{"error": {
   "type": "NotFoundError",
   "message": "No submission found for id: e6fe2b47-65fc-4feb-af96-0d4b1fd09a6b"
}}
[msr_detail] Assertion failed for path [data.score.parts[0].original.parts[0].parts[0].detail] : PathNotFoundException:Path 'data' not found in the current context:
{"error": {
   "type": "NotFoundError",
   "message": "No submission found for id: e6fe2b47-65fc-4feb-af96-0d4b1fd09a6b"
}}
[final_score] Assertion failed for path [data.score.value] : PathNotFoundException:Path 'data' not found in the current context:
{"error": {
   "type": "NotFoundError",
   "message": "No submission found for id: e6fe2b47-65fc-4feb-af96-0d4b1fd09a6b"
}}
[quality_score] Assertion failed for path [data.score.parts[0].original.value] : PathNotFoundException:Path 'data' not found in the current context:
{"error": {
   "type": "NotFoundError",
   "message": "No submission found for id: e6fe2b47-65fc-4feb-af96-0d4b1fd09a6b"
}}
</pre><hr/>]]></failure></testcase><testcase name="quality_spr_class2_no_benchmark_qrda3-delete" time="0.013"/><testcase name="quality_spr_class2_no_benchmark_qrda3-NextLine" time="0.0"/></testsuite>